<?xml version="1.0" encoding="UTF-8"?>
<!-- Generated by org.testng.reporters.JUnitReportReporter -->
<testsuite skipped="0" hostname="DESKTOP-43ASLO6" name="webdriver.Check_URL_Corpweb" tests="1" failures="0" timestamp="04 Jan 2021 08:43:43 GMT" time="49.834" errors="0">
  <testcase name="TC_topmenu" time="49.834" classname="webdriver.Check_URL_Corpweb"/>
</testsuite> <!-- webdriver.Check_URL_Corpweb -->
