<?xml version="1.0" encoding="UTF-8"?>
<!-- Generated by org.testng.reporters.JUnitReportReporter -->
<testsuite skipped="0" hostname="DESKTOP-43ASLO6" name="webdriver.Check_URL_Header_Corpweb" tests="1" failures="0" timestamp="04 Jan 2021 10:56:52 GMT" time="156.365" errors="0">
  <testcase name="TC_08_mainmenu_Sản_Phẩm" time="156.365" classname="webdriver.Check_URL_Header_Corpweb"/>
</testsuite> <!-- webdriver.Check_URL_Header_Corpweb -->
