<?xml version="1.0" encoding="UTF-8"?>
<!-- Generated by org.testng.reporters.JUnitReportReporter -->
<testsuite skipped="0" hostname="DESKTOP-43ASLO6" name="webdriver.Corpweb_footer" tests="1" failures="0" timestamp="21 Jan 2021 10:54:22 GMT" time="106.925" errors="0">
  <testcase name="TC_02_Footer_Network" time="106.925" classname="webdriver.Corpweb_footer"/>
</testsuite> <!-- webdriver.Corpweb_footer -->
