<?xml version="1.0" encoding="UTF-8"?>
<!-- Generated by org.testng.reporters.JUnitReportReporter -->
<testsuite skipped="0" hostname="DESKTOP-43ASLO6" name="webdriver.Check_URL" tests="1" failures="0" timestamp="24 Dec 2020 10:51:21 GMT" time="40.829" errors="0">
  <testcase name="TC_01_Corpweb" time="40.829" classname="webdriver.Check_URL"/>
</testsuite> <!-- webdriver.Check_URL -->
