<?xml version="1.0" encoding="UTF-8"?>
<!-- Generated by org.testng.reporters.JUnitReportReporter -->
<testsuite skipped="0" hostname="DESKTOP-43ASLO6" name="webdriver.Check_URL_Corpweb" tests="7" failures="0" timestamp="04 Jan 2021 08:37:03 GMT" time="278.309" errors="0">
  <testcase name="TC_04_mainmenu_Cải_tiến_đổi_mới" time="13.399" classname="webdriver.Check_URL_Corpweb"/>
  <testcase name="TC_08_mainmenu_Sản_Phẩm" time="155.777" classname="webdriver.Check_URL_Corpweb"/>
  <testcase name="TC_07_mainmenu_Search" time="9.078" classname="webdriver.Check_URL_Corpweb"/>
  <testcase name="TC_03_mainmenu_Phát_triển_bền_vững" time="29.711" classname="webdriver.Check_URL_Corpweb"/>
  <testcase name="TC_06_mainmenu_Truyền_thông" time="17.074" classname="webdriver.Check_URL_Corpweb"/>
  <testcase name="TC_02_mainmenu_Câu_chuyện_Vinamilk" time="33.842" classname="webdriver.Check_URL_Corpweb"/>
  <testcase name="TC_05_mainmenu_Vùng_nguyên_liệu" time="19.428" classname="webdriver.Check_URL_Corpweb"/>
</testsuite> <!-- webdriver.Check_URL_Corpweb -->
